[2021-05-04T21:00:15.732] [DEBUG] default - {"poleId":"TV-1","data":{"timeStamp":1620151215730,"light":9,"temperature":40,"humidity":17,"intensity":48,"motionDetected":true}}
[2021-05-04T21:00:16.570] [DEBUG] default - {"poleId":"TV-2","data":{"timeStamp":1620151216568,"light":8,"temperature":27,"humidity":85,"intensity":50,"motionDetected":false}}
[2021-05-04T21:00:18.744] [DEBUG] default - {"poleId":"TV-1","data":{"timeStamp":1620151218743,"light":9,"temperature":29,"humidity":23,"intensity":11,"motionDetected":false}}
[2021-05-04T21:00:19.581] [DEBUG] default - {"poleId":"TV-2","data":{"timeStamp":1620151219580,"light":0,"temperature":17,"humidity":25,"intensity":47,"motionDetected":true}}
[2021-05-04T21:00:21.747] [DEBUG] default - {"poleId":"TV-1","data":{"timeStamp":1620151221746,"light":0,"temperature":22,"humidity":61,"intensity":36,"motionDetected":true}}
[2021-05-04T21:00:22.591] [DEBUG] default - {"poleId":"TV-2","data":{"timeStamp":1620151222589,"light":4,"temperature":16,"humidity":82,"intensity":28,"motionDetected":true}}
[2021-05-04T21:00:24.752] [DEBUG] default - {"poleId":"TV-1","data":{"timeStamp":1620151224751,"light":7,"temperature":20,"humidity":83,"intensity":57,"motionDetected":true}}
[2021-05-04T21:00:25.595] [DEBUG] default - {"poleId":"TV-2","data":{"timeStamp":1620151225594,"light":6,"temperature":25,"humidity":51,"intensity":70,"motionDetected":false}}
[2021-05-04T21:00:27.758] [DEBUG] default - {"poleId":"TV-1","data":{"timeStamp":1620151227757,"light":7,"temperature":13,"humidity":24,"intensity":17,"motionDetected":false}}
[2021-05-04T21:00:28.608] [DEBUG] default - {"poleId":"TV-2","data":{"timeStamp":1620151228607,"light":2,"temperature":-3,"humidity":29,"intensity":69,"motionDetected":false}}
[2021-05-04T21:00:30.762] [DEBUG] default - {"poleId":"TV-1","data":{"timeStamp":1620151230761,"light":9,"temperature":-18,"humidity":26,"intensity":57,"motionDetected":false}}
[2021-05-04T21:00:31.620] [DEBUG] default - {"poleId":"TV-2","data":{"timeStamp":1620151231619,"light":4,"temperature":-4,"humidity":2,"intensity":8,"motionDetected":false}}
[2021-05-04T21:00:33.766] [DEBUG] default - {"poleId":"TV-1","data":{"timeStamp":1620151233766,"light":4,"temperature":16,"humidity":10,"intensity":13,"motionDetected":false}}
[2021-05-04T21:00:34.621] [DEBUG] default - {"poleId":"TV-2","data":{"timeStamp":1620151234620,"light":10,"temperature":-15,"humidity":93,"intensity":70,"motionDetected":false}}
[2021-05-04T21:00:36.772] [DEBUG] default - {"poleId":"TV-1","data":{"timeStamp":1620151236771,"light":2,"temperature":21,"humidity":74,"intensity":2,"motionDetected":true}}
[2021-05-04T21:00:37.623] [DEBUG] default - {"poleId":"TV-2","data":{"timeStamp":1620151237621,"light":8,"temperature":-8,"humidity":95,"intensity":70,"motionDetected":false}}
[2021-05-04T21:00:39.775] [DEBUG] default - {"poleId":"TV-1","data":{"timeStamp":1620151239774,"light":10,"temperature":18,"humidity":48,"intensity":40,"motionDetected":false}}
[2021-05-04T21:00:40.638] [DEBUG] default - {"poleId":"TV-2","data":{"timeStamp":1620151240637,"light":2,"temperature":39,"humidity":29,"intensity":65,"motionDetected":false}}
[2021-05-04T21:00:42.778] [DEBUG] default - {"poleId":"TV-1","data":{"timeStamp":1620151242777,"light":9,"temperature":1,"humidity":83,"intensity":49,"motionDetected":false}}
[2021-05-04T21:00:43.638] [DEBUG] default - {"poleId":"TV-2","data":{"timeStamp":1620151243637,"light":7,"temperature":2,"humidity":30,"intensity":9,"motionDetected":true}}
[2021-05-04T21:00:45.789] [DEBUG] default - {"poleId":"TV-1","data":{"timeStamp":1620151245788,"light":0,"temperature":23,"humidity":71,"intensity":40,"motionDetected":false}}
[2021-05-04T21:00:46.646] [DEBUG] default - {"poleId":"TV-2","data":{"timeStamp":1620151246645,"light":6,"temperature":7,"humidity":14,"intensity":96,"motionDetected":false}}
[2021-05-04T21:00:48.798] [DEBUG] default - {"poleId":"TV-1","data":{"timeStamp":1620151248797,"light":7,"temperature":-12,"humidity":26,"intensity":42,"motionDetected":false}}
[2021-05-04T21:00:49.660] [DEBUG] default - {"poleId":"TV-2","data":{"timeStamp":1620151249659,"light":10,"temperature":-18,"humidity":53,"intensity":17,"motionDetected":false}}
[2021-05-04T21:00:51.800] [DEBUG] default - {"poleId":"TV-1","data":{"timeStamp":1620151251798,"light":1,"temperature":29,"humidity":87,"intensity":4,"motionDetected":false}}
[2021-05-04T21:00:52.674] [DEBUG] default - {"poleId":"TV-2","data":{"timeStamp":1620151252673,"light":3,"temperature":3,"humidity":29,"intensity":19,"motionDetected":false}}
[2021-05-04T21:00:54.813] [DEBUG] default - {"poleId":"TV-1","data":{"timeStamp":1620151254812,"light":3,"temperature":5,"humidity":61,"intensity":2,"motionDetected":false}}
[2021-05-04T21:00:55.682] [DEBUG] default - {"poleId":"TV-2","data":{"timeStamp":1620151255681,"light":10,"temperature":-18,"humidity":43,"intensity":93,"motionDetected":true}}
[2021-05-04T21:00:57.818] [DEBUG] default - {"poleId":"TV-1","data":{"timeStamp":1620151257817,"light":2,"temperature":26,"humidity":81,"intensity":63,"motionDetected":false}}
[2021-05-04T21:00:58.693] [DEBUG] default - {"poleId":"TV-2","data":{"timeStamp":1620151258691,"light":10,"temperature":15,"humidity":37,"intensity":57,"motionDetected":true}}
[2021-05-04T21:01:00.832] [DEBUG] default - {"poleId":"TV-1","data":{"timeStamp":1620151260831,"light":6,"temperature":-20,"humidity":17,"intensity":40,"motionDetected":false}}
[2021-05-04T21:01:01.707] [DEBUG] default - {"poleId":"TV-2","data":{"timeStamp":1620151261706,"light":2,"temperature":33,"humidity":73,"intensity":90,"motionDetected":false}}
[2021-05-04T21:01:03.833] [DEBUG] default - {"poleId":"TV-1","data":{"timeStamp":1620151263832,"light":2,"temperature":-23,"humidity":18,"intensity":23,"motionDetected":false}}
[2021-05-04T21:01:04.710] [DEBUG] default - {"poleId":"TV-2","data":{"timeStamp":1620151264710,"light":5,"temperature":-7,"humidity":68,"intensity":0,"motionDetected":true}}
[2021-05-04T21:01:06.837] [DEBUG] default - {"poleId":"TV-1","data":{"timeStamp":1620151266836,"light":5,"temperature":-8,"humidity":34,"intensity":61,"motionDetected":true}}
[2021-05-04T21:01:07.724] [DEBUG] default - {"poleId":"TV-2","data":{"timeStamp":1620151267723,"light":7,"temperature":-6,"humidity":72,"intensity":88,"motionDetected":false}}
[2021-05-04T21:01:09.839] [DEBUG] default - {"poleId":"TV-1","data":{"timeStamp":1620151269838,"light":0,"temperature":19,"humidity":14,"intensity":62,"motionDetected":false}}
[2021-05-04T21:01:10.728] [DEBUG] default - {"poleId":"TV-2","data":{"timeStamp":1620151270727,"light":2,"temperature":7,"humidity":83,"intensity":44,"motionDetected":true}}
[2021-05-04T21:01:12.851] [DEBUG] default - {"poleId":"TV-1","data":{"timeStamp":1620151272851,"light":7,"temperature":7,"humidity":21,"intensity":33,"motionDetected":true}}
[2021-05-04T21:01:13.739] [DEBUG] default - {"poleId":"TV-2","data":{"timeStamp":1620151273738,"light":9,"temperature":17,"humidity":62,"intensity":14,"motionDetected":true}}
[2021-05-04T21:01:15.856] [DEBUG] default - {"poleId":"TV-1","data":{"timeStamp":1620151275856,"light":5,"temperature":17,"humidity":36,"intensity":83,"motionDetected":false}}
[2021-05-04T21:01:16.750] [DEBUG] default - {"poleId":"TV-2","data":{"timeStamp":1620151276748,"light":1,"temperature":12,"humidity":42,"intensity":90,"motionDetected":true}}
[2021-05-04T21:01:18.867] [DEBUG] default - {"poleId":"TV-1","data":{"timeStamp":1620151278866,"light":8,"temperature":-19,"humidity":73,"intensity":100,"motionDetected":false}}
[2021-05-04T21:01:19.755] [DEBUG] default - {"poleId":"TV-2","data":{"timeStamp":1620151279755,"light":2,"temperature":16,"humidity":95,"intensity":3,"motionDetected":true}}
[2021-05-04T21:01:21.869] [DEBUG] default - {"poleId":"TV-1","data":{"timeStamp":1620151281869,"light":9,"temperature":2,"humidity":13,"intensity":15,"motionDetected":false}}
[2021-05-04T21:01:22.755] [DEBUG] default - {"poleId":"TV-2","data":{"timeStamp":1620151282755,"light":10,"temperature":-19,"humidity":42,"intensity":18,"motionDetected":true}}
[2021-05-04T21:01:24.873] [DEBUG] default - {"poleId":"TV-1","data":{"timeStamp":1620151284873,"light":4,"temperature":7,"humidity":89,"intensity":70,"motionDetected":false}}
[2021-05-04T21:01:25.763] [DEBUG] default - {"poleId":"TV-2","data":{"timeStamp":1620151285762,"light":7,"temperature":-8,"humidity":80,"intensity":88,"motionDetected":true}}
[2021-05-04T21:01:27.885] [DEBUG] default - {"poleId":"TV-1","data":{"timeStamp":1620151287885,"light":6,"temperature":24,"humidity":1,"intensity":57,"motionDetected":false}}
[2021-05-04T21:01:28.772] [DEBUG] default - {"poleId":"TV-2","data":{"timeStamp":1620151288772,"light":10,"temperature":38,"humidity":23,"intensity":91,"motionDetected":true}}
[2021-05-04T21:01:30.893] [DEBUG] default - {"poleId":"TV-1","data":{"timeStamp":1620151290893,"light":1,"temperature":-10,"humidity":48,"intensity":69,"motionDetected":true}}
[2021-05-04T21:01:31.779] [DEBUG] default - {"poleId":"TV-2","data":{"timeStamp":1620151291779,"light":3,"temperature":-23,"humidity":89,"intensity":58,"motionDetected":true}}
[2021-05-04T21:01:33.904] [DEBUG] default - {"poleId":"TV-1","data":{"timeStamp":1620151293904,"light":10,"temperature":19,"humidity":65,"intensity":24,"motionDetected":false}}
[2021-05-04T21:01:34.784] [DEBUG] default - {"poleId":"TV-2","data":{"timeStamp":1620151294783,"light":10,"temperature":-2,"humidity":90,"intensity":66,"motionDetected":false}}
[2021-05-04T21:01:36.920] [DEBUG] default - {"poleId":"TV-1","data":{"timeStamp":1620151296920,"light":2,"temperature":-24,"humidity":58,"intensity":56,"motionDetected":false}}
[2021-05-04T21:01:37.792] [DEBUG] default - {"poleId":"TV-2","data":{"timeStamp":1620151297792,"light":9,"temperature":17,"humidity":67,"intensity":11,"motionDetected":true}}
[2021-05-04T21:01:39.923] [DEBUG] default - {"poleId":"TV-1","data":{"timeStamp":1620151299923,"light":1,"temperature":-21,"humidity":72,"intensity":42,"motionDetected":true}}
[2021-05-04T21:01:40.795] [DEBUG] default - {"poleId":"TV-2","data":{"timeStamp":1620151300795,"light":9,"temperature":22,"humidity":22,"intensity":97,"motionDetected":false}}
[2021-05-04T21:01:42.928] [DEBUG] default - {"poleId":"TV-1","data":{"timeStamp":1620151302927,"light":1,"temperature":37,"humidity":46,"intensity":7,"motionDetected":false}}
[2021-05-04T21:01:43.798] [DEBUG] default - {"poleId":"TV-2","data":{"timeStamp":1620151303798,"light":6,"temperature":37,"humidity":18,"intensity":88,"motionDetected":false}}
[2021-05-04T21:01:45.932] [DEBUG] default - {"poleId":"TV-1","data":{"timeStamp":1620151305932,"light":7,"temperature":27,"humidity":39,"intensity":36,"motionDetected":true}}
[2021-05-04T21:01:46.804] [DEBUG] default - {"poleId":"TV-2","data":{"timeStamp":1620151306804,"light":8,"temperature":-4,"humidity":40,"intensity":84,"motionDetected":false}}
[2021-05-04T21:01:48.945] [DEBUG] default - {"poleId":"TV-1","data":{"timeStamp":1620151308945,"light":5,"temperature":-25,"humidity":48,"intensity":8,"motionDetected":true}}
[2021-05-04T21:01:49.816] [DEBUG] default - {"poleId":"TV-2","data":{"timeStamp":1620151309815,"light":7,"temperature":7,"humidity":68,"intensity":66,"motionDetected":true}}
[2021-05-04T21:01:51.950] [DEBUG] default - {"poleId":"TV-1","data":{"timeStamp":1620151311950,"light":4,"temperature":-24,"humidity":31,"intensity":66,"motionDetected":true}}
[2021-05-04T21:01:52.823] [DEBUG] default - {"poleId":"TV-2","data":{"timeStamp":1620151312822,"light":9,"temperature":34,"humidity":62,"intensity":37,"motionDetected":false}}
[2021-05-04T21:01:54.963] [DEBUG] default - {"poleId":"TV-1","data":{"timeStamp":1620151314963,"light":5,"temperature":34,"humidity":25,"intensity":91,"motionDetected":false}}
[2021-05-04T21:01:55.834] [DEBUG] default - {"poleId":"TV-2","data":{"timeStamp":1620151315834,"light":6,"temperature":-19,"humidity":7,"intensity":40,"motionDetected":false}}
[2021-05-04T21:01:57.966] [DEBUG] default - {"poleId":"TV-1","data":{"timeStamp":1620151317966,"light":2,"temperature":40,"humidity":19,"intensity":77,"motionDetected":true}}
[2021-05-04T21:01:58.841] [DEBUG] default - {"poleId":"TV-2","data":{"timeStamp":1620151318839,"light":2,"temperature":-19,"humidity":12,"intensity":2,"motionDetected":true}}
[2021-05-04T21:02:00.975] [DEBUG] default - {"poleId":"TV-1","data":{"timeStamp":1620151320974,"light":2,"temperature":-13,"humidity":58,"intensity":60,"motionDetected":false}}
[2021-05-04T21:02:01.845] [DEBUG] default - {"poleId":"TV-2","data":{"timeStamp":1620151321845,"light":3,"temperature":10,"humidity":3,"intensity":83,"motionDetected":true}}
[2021-05-04T21:02:03.978] [DEBUG] default - {"poleId":"TV-1","data":{"timeStamp":1620151323978,"light":1,"temperature":34,"humidity":9,"intensity":55,"motionDetected":true}}
[2021-05-04T21:02:04.850] [DEBUG] default - {"poleId":"TV-2","data":{"timeStamp":1620151324850,"light":6,"temperature":6,"humidity":12,"intensity":62,"motionDetected":false}}
[2021-05-04T21:02:06.984] [DEBUG] default - {"poleId":"TV-1","data":{"timeStamp":1620151326984,"light":5,"temperature":-11,"humidity":98,"intensity":16,"motionDetected":true}}
[2021-05-04T21:02:07.853] [DEBUG] default - {"poleId":"TV-2","data":{"timeStamp":1620151327853,"light":6,"temperature":-6,"humidity":11,"intensity":8,"motionDetected":false}}
[2021-05-04T21:02:09.992] [DEBUG] default - {"poleId":"TV-1","data":{"timeStamp":1620151329992,"light":3,"temperature":-20,"humidity":94,"intensity":71,"motionDetected":true}}
[2021-05-04T21:02:10.865] [DEBUG] default - {"poleId":"TV-2","data":{"timeStamp":1620151330865,"light":5,"temperature":-7,"humidity":85,"intensity":97,"motionDetected":false}}
[2021-05-04T21:02:12.995] [DEBUG] default - {"poleId":"TV-1","data":{"timeStamp":1620151332995,"light":4,"temperature":0,"humidity":33,"intensity":67,"motionDetected":false}}
[2021-05-04T21:02:13.868] [DEBUG] default - {"poleId":"TV-2","data":{"timeStamp":1620151333868,"light":5,"temperature":40,"humidity":50,"intensity":7,"motionDetected":false}}
[2021-05-04T21:02:15.997] [DEBUG] default - {"poleId":"TV-1","data":{"timeStamp":1620151335997,"light":10,"temperature":-10,"humidity":66,"intensity":58,"motionDetected":true}}
[2021-05-04T21:02:16.874] [DEBUG] default - {"poleId":"TV-2","data":{"timeStamp":1620151336873,"light":2,"temperature":30,"humidity":53,"intensity":68,"motionDetected":true}}
[2021-05-04T21:02:19.001] [DEBUG] default - {"poleId":"TV-1","data":{"timeStamp":1620151339001,"light":0,"temperature":27,"humidity":4,"intensity":21,"motionDetected":true}}
[2021-05-04T21:02:19.878] [DEBUG] default - {"poleId":"TV-2","data":{"timeStamp":1620151339877,"light":5,"temperature":10,"humidity":85,"intensity":46,"motionDetected":false}}
[2021-05-04T21:02:22.003] [DEBUG] default - {"poleId":"TV-1","data":{"timeStamp":1620151342003,"light":8,"temperature":11,"humidity":44,"intensity":32,"motionDetected":true}}
[2021-05-04T21:02:22.888] [DEBUG] default - {"poleId":"TV-2","data":{"timeStamp":1620151342888,"light":8,"temperature":-17,"humidity":41,"intensity":17,"motionDetected":true}}
[2021-05-04T21:02:25.018] [DEBUG] default - {"poleId":"TV-1","data":{"timeStamp":1620151345018,"light":0,"temperature":-17,"humidity":40,"intensity":65,"motionDetected":false}}
[2021-05-04T21:02:25.894] [DEBUG] default - {"poleId":"TV-2","data":{"timeStamp":1620151345894,"light":6,"temperature":11,"humidity":19,"intensity":57,"motionDetected":false}}
[2021-05-04T21:02:28.027] [DEBUG] default - {"poleId":"TV-1","data":{"timeStamp":1620151348027,"light":7,"temperature":5,"humidity":42,"intensity":47,"motionDetected":true}}
[2021-05-04T21:02:28.897] [DEBUG] default - {"poleId":"TV-2","data":{"timeStamp":1620151348897,"light":2,"temperature":-5,"humidity":60,"intensity":3,"motionDetected":false}}
[2021-05-04T21:02:31.037] [DEBUG] default - {"poleId":"TV-1","data":{"timeStamp":1620151351037,"light":4,"temperature":26,"humidity":19,"intensity":3,"motionDetected":false}}
[2021-05-04T21:02:31.908] [DEBUG] default - {"poleId":"TV-2","data":{"timeStamp":1620151351908,"light":7,"temperature":-16,"humidity":55,"intensity":93,"motionDetected":true}}
[2021-05-04T21:02:34.042] [DEBUG] default - {"poleId":"TV-1","data":{"timeStamp":1620151354042,"light":9,"temperature":-6,"humidity":8,"intensity":96,"motionDetected":false}}
[2021-05-04T21:02:34.922] [DEBUG] default - {"poleId":"TV-2","data":{"timeStamp":1620151354922,"light":1,"temperature":24,"humidity":29,"intensity":50,"motionDetected":true}}
[2021-05-04T21:02:37.056] [DEBUG] default - {"poleId":"TV-1","data":{"timeStamp":1620151357056,"light":3,"temperature":17,"humidity":12,"intensity":54,"motionDetected":false}}
[2021-05-04T21:02:37.924] [DEBUG] default - {"poleId":"TV-2","data":{"timeStamp":1620151357924,"light":2,"temperature":38,"humidity":16,"intensity":87,"motionDetected":true}}
[2021-05-04T21:02:40.062] [DEBUG] default - {"poleId":"TV-1","data":{"timeStamp":1620151360062,"light":5,"temperature":-10,"humidity":90,"intensity":70,"motionDetected":false}}
[2021-05-04T21:02:40.924] [DEBUG] default - {"poleId":"TV-2","data":{"timeStamp":1620151360924,"light":3,"temperature":24,"humidity":58,"intensity":66,"motionDetected":true}}
[2021-05-04T21:02:43.065] [DEBUG] default - {"poleId":"TV-1","data":{"timeStamp":1620151363065,"light":10,"temperature":-10,"humidity":12,"intensity":20,"motionDetected":false}}
[2021-05-04T21:02:43.938] [DEBUG] default - {"poleId":"TV-2","data":{"timeStamp":1620151363938,"light":2,"temperature":-11,"humidity":89,"intensity":72,"motionDetected":true}}
[2021-05-04T21:02:46.074] [DEBUG] default - {"poleId":"TV-1","data":{"timeStamp":1620151366074,"light":8,"temperature":25,"humidity":95,"intensity":11,"motionDetected":true}}
[2021-05-04T21:02:46.945] [DEBUG] default - {"poleId":"TV-2","data":{"timeStamp":1620151366945,"light":3,"temperature":-10,"humidity":97,"intensity":34,"motionDetected":true}}
[2021-05-04T21:02:49.080] [DEBUG] default - {"poleId":"TV-1","data":{"timeStamp":1620151369079,"light":3,"temperature":-24,"humidity":96,"intensity":34,"motionDetected":true}}
[2021-05-04T21:02:49.949] [DEBUG] default - {"poleId":"TV-2","data":{"timeStamp":1620151369949,"light":8,"temperature":-4,"humidity":51,"intensity":90,"motionDetected":false}}
[2021-05-04T21:02:52.088] [DEBUG] default - {"poleId":"TV-1","data":{"timeStamp":1620151372088,"light":0,"temperature":18,"humidity":38,"intensity":64,"motionDetected":true}}
[2021-05-04T21:02:52.957] [DEBUG] default - {"poleId":"TV-2","data":{"timeStamp":1620151372957,"light":2,"temperature":-2,"humidity":57,"intensity":8,"motionDetected":false}}
[2021-05-04T21:02:55.091] [DEBUG] default - {"poleId":"TV-1","data":{"timeStamp":1620151375091,"light":3,"temperature":14,"humidity":16,"intensity":24,"motionDetected":false}}
[2021-05-04T21:02:55.967] [DEBUG] default - {"poleId":"TV-2","data":{"timeStamp":1620151375967,"light":2,"temperature":-25,"humidity":48,"intensity":58,"motionDetected":false}}
[2021-05-04T21:02:58.090] [DEBUG] default - {"poleId":"TV-1","data":{"timeStamp":1620151378090,"light":9,"temperature":3,"humidity":30,"intensity":72,"motionDetected":true}}
[2021-05-04T21:02:58.979] [DEBUG] default - {"poleId":"TV-2","data":{"timeStamp":1620151378979,"light":8,"temperature":32,"humidity":12,"intensity":39,"motionDetected":false}}
[2021-05-04T21:03:01.104] [DEBUG] default - {"poleId":"TV-1","data":{"timeStamp":1620151381104,"light":3,"temperature":2,"humidity":2,"intensity":81,"motionDetected":false}}
[2021-05-04T21:03:01.992] [DEBUG] default - {"poleId":"TV-2","data":{"timeStamp":1620151381992,"light":10,"temperature":6,"humidity":14,"intensity":80,"motionDetected":true}}
[2021-05-04T21:03:04.108] [DEBUG] default - {"poleId":"TV-1","data":{"timeStamp":1620151384108,"light":9,"temperature":26,"humidity":31,"intensity":87,"motionDetected":false}}
[2021-05-04T21:03:04.994] [DEBUG] default - {"poleId":"TV-2","data":{"timeStamp":1620151384994,"light":8,"temperature":25,"humidity":56,"intensity":61,"motionDetected":true}}
[2021-05-04T21:03:07.122] [DEBUG] default - {"poleId":"TV-1","data":{"timeStamp":1620151387122,"light":0,"temperature":29,"humidity":98,"intensity":90,"motionDetected":false}}
[2021-05-04T21:03:07.995] [DEBUG] default - {"poleId":"TV-2","data":{"timeStamp":1620151387995,"light":4,"temperature":3,"humidity":99,"intensity":80,"motionDetected":false}}
[2021-05-04T21:03:10.131] [DEBUG] default - {"poleId":"TV-1","data":{"timeStamp":1620151390131,"light":4,"temperature":35,"humidity":70,"intensity":28,"motionDetected":true}}
[2021-05-04T21:03:11.001] [DEBUG] default - {"poleId":"TV-2","data":{"timeStamp":1620151391001,"light":8,"temperature":12,"humidity":54,"intensity":96,"motionDetected":false}}
[2021-05-04T21:03:13.140] [DEBUG] default - {"poleId":"TV-1","data":{"timeStamp":1620151393139,"light":5,"temperature":15,"humidity":47,"intensity":64,"motionDetected":true}}
[2021-05-04T21:03:14.013] [DEBUG] default - {"poleId":"TV-2","data":{"timeStamp":1620151394012,"light":1,"temperature":4,"humidity":51,"intensity":79,"motionDetected":true}}
[2021-05-04T21:03:16.153] [DEBUG] default - {"poleId":"TV-1","data":{"timeStamp":1620151396152,"light":3,"temperature":-5,"humidity":48,"intensity":0,"motionDetected":true}}
[2021-05-04T21:03:17.026] [DEBUG] default - {"poleId":"TV-2","data":{"timeStamp":1620151397025,"light":7,"temperature":-4,"humidity":51,"intensity":74,"motionDetected":false}}
[2021-05-04T21:03:19.161] [DEBUG] default - {"poleId":"TV-1","data":{"timeStamp":1620151399160,"light":8,"temperature":35,"humidity":83,"intensity":3,"motionDetected":false}}
[2021-05-04T21:03:20.037] [DEBUG] default - {"poleId":"TV-2","data":{"timeStamp":1620151400036,"light":3,"temperature":7,"humidity":16,"intensity":99,"motionDetected":true}}
[2021-05-04T21:03:22.168] [DEBUG] default - {"poleId":"TV-1","data":{"timeStamp":1620151402167,"light":4,"temperature":-14,"humidity":47,"intensity":77,"motionDetected":true}}
[2021-05-04T21:03:23.041] [DEBUG] default - {"poleId":"TV-2","data":{"timeStamp":1620151403039,"light":4,"temperature":-25,"humidity":3,"intensity":82,"motionDetected":true}}
[2021-05-04T21:03:25.174] [DEBUG] default - {"poleId":"TV-1","data":{"timeStamp":1620151405172,"light":0,"temperature":36,"humidity":57,"intensity":66,"motionDetected":true}}
[2021-05-04T21:03:26.046] [DEBUG] default - {"poleId":"TV-2","data":{"timeStamp":1620151406045,"light":10,"temperature":36,"humidity":44,"intensity":21,"motionDetected":false}}
[2021-05-04T21:03:28.178] [DEBUG] default - {"poleId":"TV-1","data":{"timeStamp":1620151408176,"light":2,"temperature":10,"humidity":98,"intensity":26,"motionDetected":false}}
[2021-05-04T21:03:29.048] [DEBUG] default - {"poleId":"TV-2","data":{"timeStamp":1620151409047,"light":10,"temperature":-22,"humidity":87,"intensity":51,"motionDetected":false}}
[2021-05-04T21:03:31.188] [DEBUG] default - {"poleId":"TV-1","data":{"timeStamp":1620151411187,"light":4,"temperature":-2,"humidity":22,"intensity":33,"motionDetected":true}}
[2021-05-04T21:03:32.061] [DEBUG] default - {"poleId":"TV-2","data":{"timeStamp":1620151412060,"light":0,"temperature":14,"humidity":4,"intensity":19,"motionDetected":false}}
[2021-05-04T21:03:34.197] [DEBUG] default - {"poleId":"TV-1","data":{"timeStamp":1620151414196,"light":7,"temperature":19,"humidity":32,"intensity":1,"motionDetected":false}}
[2021-05-04T21:03:35.072] [DEBUG] default - {"poleId":"TV-2","data":{"timeStamp":1620151415070,"light":8,"temperature":5,"humidity":84,"intensity":22,"motionDetected":false}}
[2021-05-04T21:03:37.206] [DEBUG] default - {"poleId":"TV-1","data":{"timeStamp":1620151417205,"light":10,"temperature":-8,"humidity":54,"intensity":90,"motionDetected":false}}
[2021-05-04T21:03:38.081] [DEBUG] default - {"poleId":"TV-2","data":{"timeStamp":1620151418079,"light":5,"temperature":28,"humidity":98,"intensity":38,"motionDetected":false}}
[2021-05-04T21:03:40.217] [DEBUG] default - {"poleId":"TV-1","data":{"timeStamp":1620151420215,"light":8,"temperature":21,"humidity":24,"intensity":4,"motionDetected":true}}
[2021-05-04T21:03:41.091] [DEBUG] default - {"poleId":"TV-2","data":{"timeStamp":1620151421089,"light":0,"temperature":-14,"humidity":82,"intensity":76,"motionDetected":false}}
[2021-05-04T21:03:43.226] [DEBUG] default - {"poleId":"TV-1","data":{"timeStamp":1620151423225,"light":7,"temperature":-22,"humidity":60,"intensity":36,"motionDetected":false}}
[2021-05-04T21:03:44.092] [DEBUG] default - {"poleId":"TV-2","data":{"timeStamp":1620151424090,"light":2,"temperature":36,"humidity":95,"intensity":45,"motionDetected":false}}
[2021-05-04T21:03:46.232] [DEBUG] default - {"poleId":"TV-1","data":{"timeStamp":1620151426231,"light":2,"temperature":-15,"humidity":46,"intensity":24,"motionDetected":true}}
[2021-05-04T21:03:47.092] [DEBUG] default - {"poleId":"TV-2","data":{"timeStamp":1620151427091,"light":2,"temperature":20,"humidity":30,"intensity":93,"motionDetected":true}}
[2021-05-04T21:03:49.236] [DEBUG] default - {"poleId":"TV-1","data":{"timeStamp":1620151429235,"light":1,"temperature":-7,"humidity":95,"intensity":83,"motionDetected":false}}
[2021-05-04T21:03:50.094] [DEBUG] default - {"poleId":"TV-2","data":{"timeStamp":1620151430093,"light":1,"temperature":0,"humidity":16,"intensity":83,"motionDetected":true}}
[2021-05-04T21:03:52.244] [DEBUG] default - {"poleId":"TV-1","data":{"timeStamp":1620151432242,"light":10,"temperature":9,"humidity":26,"intensity":13,"motionDetected":true}}
[2021-05-04T21:03:53.100] [DEBUG] default - {"poleId":"TV-2","data":{"timeStamp":1620151433098,"light":8,"temperature":-17,"humidity":65,"intensity":66,"motionDetected":false}}
[2021-05-04T21:03:55.245] [DEBUG] default - {"poleId":"TV-1","data":{"timeStamp":1620151435244,"light":9,"temperature":-13,"humidity":15,"intensity":77,"motionDetected":false}}
[2021-05-04T21:03:56.105] [DEBUG] default - {"poleId":"TV-2","data":{"timeStamp":1620151436104,"light":6,"temperature":32,"humidity":87,"intensity":38,"motionDetected":false}}
[2021-05-04T21:03:58.257] [DEBUG] default - {"poleId":"TV-1","data":{"timeStamp":1620151438255,"light":7,"temperature":4,"humidity":95,"intensity":58,"motionDetected":true}}
[2021-05-04T21:03:59.113] [DEBUG] default - {"poleId":"TV-2","data":{"timeStamp":1620151439112,"light":9,"temperature":32,"humidity":25,"intensity":9,"motionDetected":false}}
[2021-05-04T21:04:01.259] [DEBUG] default - {"poleId":"TV-1","data":{"timeStamp":1620151441258,"light":10,"temperature":-21,"humidity":78,"intensity":96,"motionDetected":false}}
[2021-05-04T21:04:02.117] [DEBUG] default - {"poleId":"TV-2","data":{"timeStamp":1620151442115,"light":5,"temperature":-11,"humidity":78,"intensity":24,"motionDetected":true}}
[2021-05-04T21:04:04.270] [DEBUG] default - {"poleId":"TV-1","data":{"timeStamp":1620151444269,"light":0,"temperature":-21,"humidity":28,"intensity":34,"motionDetected":false}}
[2021-05-04T21:04:05.127] [DEBUG] default - {"poleId":"TV-2","data":{"timeStamp":1620151445125,"light":7,"temperature":12,"humidity":83,"intensity":4,"motionDetected":false}}
[2021-05-04T21:04:07.278] [DEBUG] default - {"poleId":"TV-1","data":{"timeStamp":1620151447277,"light":1,"temperature":20,"humidity":64,"intensity":58,"motionDetected":true}}
[2021-05-04T21:04:08.135] [DEBUG] default - {"poleId":"TV-2","data":{"timeStamp":1620151448132,"light":1,"temperature":26,"humidity":93,"intensity":33,"motionDetected":false}}
[2021-05-04T21:04:10.285] [DEBUG] default - {"poleId":"TV-1","data":{"timeStamp":1620151450284,"light":6,"temperature":-12,"humidity":93,"intensity":26,"motionDetected":true}}
[2021-05-04T21:04:11.142] [DEBUG] default - {"poleId":"TV-2","data":{"timeStamp":1620151451141,"light":8,"temperature":16,"humidity":80,"intensity":22,"motionDetected":false}}
[2021-05-04T21:04:13.300] [DEBUG] default - {"poleId":"TV-1","data":{"timeStamp":1620151453299,"light":0,"temperature":18,"humidity":26,"intensity":35,"motionDetected":false}}
[2021-05-04T21:04:14.146] [DEBUG] default - {"poleId":"TV-2","data":{"timeStamp":1620151454144,"light":9,"temperature":30,"humidity":14,"intensity":35,"motionDetected":false}}
[2021-05-04T21:04:16.308] [DEBUG] default - {"poleId":"TV-1","data":{"timeStamp":1620151456308,"light":6,"temperature":-1,"humidity":74,"intensity":62,"motionDetected":true}}
[2021-05-04T21:04:17.153] [DEBUG] default - {"poleId":"TV-2","data":{"timeStamp":1620151457153,"light":6,"temperature":3,"humidity":24,"intensity":8,"motionDetected":true}}
[2021-05-04T21:04:19.321] [DEBUG] default - {"poleId":"TV-1","data":{"timeStamp":1620151459321,"light":1,"temperature":39,"humidity":82,"intensity":2,"motionDetected":true}}
[2021-05-04T21:04:20.162] [DEBUG] default - {"poleId":"TV-2","data":{"timeStamp":1620151460162,"light":0,"temperature":14,"humidity":14,"intensity":59,"motionDetected":false}}
[2021-05-04T21:04:22.329] [DEBUG] default - {"poleId":"TV-1","data":{"timeStamp":1620151462329,"light":2,"temperature":20,"humidity":33,"intensity":95,"motionDetected":true}}
[2021-05-04T21:04:23.171] [DEBUG] default - {"poleId":"TV-2","data":{"timeStamp":1620151463171,"light":3,"temperature":10,"humidity":14,"intensity":47,"motionDetected":true}}
[2021-05-04T21:04:25.339] [DEBUG] default - {"poleId":"TV-1","data":{"timeStamp":1620151465339,"light":7,"temperature":-1,"humidity":31,"intensity":8,"motionDetected":true}}
[2021-05-04T21:04:26.182] [DEBUG] default - {"poleId":"TV-2","data":{"timeStamp":1620151466182,"light":1,"temperature":-10,"humidity":32,"intensity":68,"motionDetected":true}}
[2021-05-04T21:04:28.346] [DEBUG] default - {"poleId":"TV-1","data":{"timeStamp":1620151468346,"light":3,"temperature":40,"humidity":48,"intensity":87,"motionDetected":true}}
[2021-05-04T21:04:29.185] [DEBUG] default - {"poleId":"TV-2","data":{"timeStamp":1620151469185,"light":1,"temperature":-10,"humidity":46,"intensity":58,"motionDetected":false}}
[2021-05-04T21:04:31.351] [DEBUG] default - {"poleId":"TV-1","data":{"timeStamp":1620151471351,"light":1,"temperature":-12,"humidity":73,"intensity":29,"motionDetected":false}}
[2021-05-04T21:04:32.197] [DEBUG] default - {"poleId":"TV-2","data":{"timeStamp":1620151472196,"light":8,"temperature":13,"humidity":81,"intensity":56,"motionDetected":true}}
[2021-05-04T21:04:34.363] [DEBUG] default - {"poleId":"TV-1","data":{"timeStamp":1620151474363,"light":7,"temperature":13,"humidity":65,"intensity":4,"motionDetected":true}}
[2021-05-04T21:04:35.202] [DEBUG] default - {"poleId":"TV-2","data":{"timeStamp":1620151475202,"light":8,"temperature":29,"humidity":90,"intensity":49,"motionDetected":false}}
[2021-05-04T21:04:37.377] [DEBUG] default - {"poleId":"TV-1","data":{"timeStamp":1620151477377,"light":4,"temperature":34,"humidity":43,"intensity":59,"motionDetected":true}}
[2021-05-04T21:04:38.203] [DEBUG] default - {"poleId":"TV-2","data":{"timeStamp":1620151478203,"light":3,"temperature":-10,"humidity":28,"intensity":54,"motionDetected":false}}
[2021-05-04T21:04:40.384] [DEBUG] default - {"poleId":"TV-1","data":{"timeStamp":1620151480384,"light":1,"temperature":-1,"humidity":79,"intensity":93,"motionDetected":true}}
[2021-05-04T21:04:41.209] [DEBUG] default - {"poleId":"TV-2","data":{"timeStamp":1620151481208,"light":3,"temperature":-8,"humidity":5,"intensity":12,"motionDetected":false}}
[2021-05-04T21:04:43.391] [DEBUG] default - {"poleId":"TV-1","data":{"timeStamp":1620151483391,"light":8,"temperature":7,"humidity":44,"intensity":53,"motionDetected":false}}
[2021-05-04T21:04:44.218] [DEBUG] default - {"poleId":"TV-2","data":{"timeStamp":1620151484218,"light":2,"temperature":-4,"humidity":27,"intensity":37,"motionDetected":true}}
[2021-05-04T21:04:46.402] [DEBUG] default - {"poleId":"TV-1","data":{"timeStamp":1620151486402,"light":2,"temperature":20,"humidity":84,"intensity":79,"motionDetected":false}}
[2021-05-04T21:04:47.228] [DEBUG] default - {"poleId":"TV-2","data":{"timeStamp":1620151487228,"light":6,"temperature":6,"humidity":86,"intensity":99,"motionDetected":false}}
[2021-05-04T21:04:49.409] [DEBUG] default - {"poleId":"TV-1","data":{"timeStamp":1620151489409,"light":9,"temperature":17,"humidity":36,"intensity":55,"motionDetected":false}}
[2021-05-04T21:04:50.242] [DEBUG] default - {"poleId":"TV-2","data":{"timeStamp":1620151490242,"light":9,"temperature":-16,"humidity":12,"intensity":95,"motionDetected":true}}
[2021-05-04T21:04:52.409] [DEBUG] default - {"poleId":"TV-1","data":{"timeStamp":1620151492409,"light":6,"temperature":-20,"humidity":79,"intensity":25,"motionDetected":true}}
[2021-05-04T21:04:53.242] [DEBUG] default - {"poleId":"TV-2","data":{"timeStamp":1620151493242,"light":7,"temperature":7,"humidity":54,"intensity":49,"motionDetected":false}}
[2021-05-04T21:04:55.414] [DEBUG] default - {"poleId":"TV-1","data":{"timeStamp":1620151495414,"light":3,"temperature":23,"humidity":94,"intensity":89,"motionDetected":false}}
[2021-05-04T21:04:56.257] [DEBUG] default - {"poleId":"TV-2","data":{"timeStamp":1620151496257,"light":4,"temperature":28,"humidity":12,"intensity":71,"motionDetected":false}}
[2021-05-04T21:04:58.418] [DEBUG] default - {"poleId":"TV-1","data":{"timeStamp":1620151498418,"light":4,"temperature":13,"humidity":62,"intensity":78,"motionDetected":false}}
[2021-05-04T21:04:59.259] [DEBUG] default - {"poleId":"TV-2","data":{"timeStamp":1620151499259,"light":2,"temperature":16,"humidity":88,"intensity":9,"motionDetected":true}}
[2021-05-04T21:05:01.425] [DEBUG] default - {"poleId":"TV-1","data":{"timeStamp":1620151501425,"light":3,"temperature":-1,"humidity":41,"intensity":90,"motionDetected":false}}
[2021-05-04T21:05:02.265] [DEBUG] default - {"poleId":"TV-2","data":{"timeStamp":1620151502265,"light":10,"temperature":3,"humidity":5,"intensity":36,"motionDetected":true}}
[2021-05-04T21:05:04.431] [DEBUG] default - {"poleId":"TV-1","data":{"timeStamp":1620151504431,"light":4,"temperature":5,"humidity":84,"intensity":43,"motionDetected":true}}
[2021-05-04T21:05:05.274] [DEBUG] default - {"poleId":"TV-2","data":{"timeStamp":1620151505274,"light":0,"temperature":16,"humidity":49,"intensity":92,"motionDetected":true}}
[2021-05-04T21:05:07.440] [DEBUG] default - {"poleId":"TV-1","data":{"timeStamp":1620151507440,"light":4,"temperature":-18,"humidity":50,"intensity":48,"motionDetected":false}}
[2021-05-04T21:05:08.284] [DEBUG] default - {"poleId":"TV-2","data":{"timeStamp":1620151508284,"light":4,"temperature":37,"humidity":51,"intensity":80,"motionDetected":true}}
[2021-05-04T21:05:10.448] [DEBUG] default - {"poleId":"TV-1","data":{"timeStamp":1620151510448,"light":5,"temperature":24,"humidity":58,"intensity":75,"motionDetected":true}}
[2021-05-04T21:05:11.289] [DEBUG] default - {"poleId":"TV-2","data":{"timeStamp":1620151511289,"light":9,"temperature":20,"humidity":89,"intensity":75,"motionDetected":true}}
[2021-05-04T21:05:13.455] [DEBUG] default - {"poleId":"TV-1","data":{"timeStamp":1620151513455,"light":9,"temperature":11,"humidity":51,"intensity":98,"motionDetected":true}}
[2021-05-04T21:05:14.298] [DEBUG] default - {"poleId":"TV-2","data":{"timeStamp":1620151514298,"light":10,"temperature":4,"humidity":93,"intensity":80,"motionDetected":true}}
[2021-05-04T21:05:16.460] [DEBUG] default - {"poleId":"TV-1","data":{"timeStamp":1620151516460,"light":3,"temperature":7,"humidity":4,"intensity":53,"motionDetected":true}}
[2021-05-04T21:05:17.310] [DEBUG] default - {"poleId":"TV-2","data":{"timeStamp":1620151517310,"light":5,"temperature":-2,"humidity":41,"intensity":15,"motionDetected":false}}
[2021-05-04T21:05:19.462] [DEBUG] default - {"poleId":"TV-1","data":{"timeStamp":1620151519462,"light":4,"temperature":-5,"humidity":31,"intensity":1,"motionDetected":true}}
[2021-05-04T21:05:20.319] [DEBUG] default - {"poleId":"TV-2","data":{"timeStamp":1620151520319,"light":0,"temperature":6,"humidity":55,"intensity":20,"motionDetected":true}}
[2021-05-04T21:05:22.470] [DEBUG] default - {"poleId":"TV-1","data":{"timeStamp":1620151522470,"light":8,"temperature":-25,"humidity":95,"intensity":97,"motionDetected":false}}
[2021-05-04T21:05:23.325] [DEBUG] default - {"poleId":"TV-2","data":{"timeStamp":1620151523325,"light":4,"temperature":28,"humidity":43,"intensity":26,"motionDetected":true}}
[2021-05-04T21:05:25.474] [DEBUG] default - {"poleId":"TV-1","data":{"timeStamp":1620151525474,"light":6,"temperature":34,"humidity":58,"intensity":51,"motionDetected":true}}
[2021-05-04T21:05:26.331] [DEBUG] default - {"poleId":"TV-2","data":{"timeStamp":1620151526330,"light":1,"temperature":-18,"humidity":95,"intensity":43,"motionDetected":true}}
[2021-05-04T21:05:28.489] [DEBUG] default - {"poleId":"TV-1","data":{"timeStamp":1620151528489,"light":10,"temperature":20,"humidity":70,"intensity":16,"motionDetected":false}}
[2021-05-04T21:05:29.345] [DEBUG] default - {"poleId":"TV-2","data":{"timeStamp":1620151529345,"light":0,"temperature":28,"humidity":61,"intensity":37,"motionDetected":true}}
[2021-05-04T21:05:31.494] [DEBUG] default - {"poleId":"TV-1","data":{"timeStamp":1620151531494,"light":7,"temperature":35,"humidity":80,"intensity":95,"motionDetected":true}}
[2021-05-04T21:05:32.351] [DEBUG] default - {"poleId":"TV-2","data":{"timeStamp":1620151532351,"light":10,"temperature":37,"humidity":0,"intensity":30,"motionDetected":false}}
[2021-05-04T21:05:34.498] [DEBUG] default - {"poleId":"TV-1","data":{"timeStamp":1620151534498,"light":7,"temperature":22,"humidity":32,"intensity":31,"motionDetected":true}}
[2021-05-04T21:05:35.355] [DEBUG] default - {"poleId":"TV-2","data":{"timeStamp":1620151535354,"light":9,"temperature":23,"humidity":23,"intensity":87,"motionDetected":false}}
[2021-05-04T21:05:37.506] [DEBUG] default - {"poleId":"TV-1","data":{"timeStamp":1620151537506,"light":1,"temperature":0,"humidity":87,"intensity":93,"motionDetected":false}}
[2021-05-04T21:05:38.364] [DEBUG] default - {"poleId":"TV-2","data":{"timeStamp":1620151538364,"light":3,"temperature":-14,"humidity":15,"intensity":2,"motionDetected":true}}
[2021-05-04T21:05:40.518] [DEBUG] default - {"poleId":"TV-1","data":{"timeStamp":1620151540518,"light":8,"temperature":-16,"humidity":32,"intensity":6,"motionDetected":true}}
[2021-05-04T21:05:41.371] [DEBUG] default - {"poleId":"TV-2","data":{"timeStamp":1620151541371,"light":10,"temperature":-5,"humidity":31,"intensity":9,"motionDetected":true}}
[2021-05-04T21:05:43.520] [DEBUG] default - {"poleId":"TV-1","data":{"timeStamp":1620151543519,"light":2,"temperature":27,"humidity":81,"intensity":95,"motionDetected":false}}
[2021-05-04T21:05:44.376] [DEBUG] default - {"poleId":"TV-2","data":{"timeStamp":1620151544376,"light":7,"temperature":20,"humidity":71,"intensity":90,"motionDetected":false}}
[2021-05-04T21:05:46.525] [DEBUG] default - {"poleId":"TV-1","data":{"timeStamp":1620151546525,"light":7,"temperature":8,"humidity":0,"intensity":14,"motionDetected":false}}
[2021-05-04T21:05:47.379] [DEBUG] default - {"poleId":"TV-2","data":{"timeStamp":1620151547380,"light":7,"temperature":-24,"humidity":100,"intensity":46,"motionDetected":false}}
[2021-05-04T21:05:49.530] [DEBUG] default - {"poleId":"TV-1","data":{"timeStamp":1620151549529,"light":3,"temperature":38,"humidity":58,"intensity":12,"motionDetected":true}}
[2021-05-04T21:05:50.385] [DEBUG] default - {"poleId":"TV-2","data":{"timeStamp":1620151550384,"light":2,"temperature":33,"humidity":73,"intensity":36,"motionDetected":false}}
[2021-05-04T21:05:52.531] [DEBUG] default - {"poleId":"TV-1","data":{"timeStamp":1620151552531,"light":0,"temperature":36,"humidity":89,"intensity":57,"motionDetected":true}}
[2021-05-04T21:05:53.388] [DEBUG] default - {"poleId":"TV-2","data":{"timeStamp":1620151553388,"light":8,"temperature":-22,"humidity":90,"intensity":73,"motionDetected":true}}
[2021-05-04T21:05:55.536] [DEBUG] default - {"poleId":"TV-1","data":{"timeStamp":1620151555536,"light":8,"temperature":6,"humidity":46,"intensity":48,"motionDetected":false}}
[2021-05-04T21:05:56.401] [DEBUG] default - {"poleId":"TV-2","data":{"timeStamp":1620151556401,"light":5,"temperature":-24,"humidity":69,"intensity":45,"motionDetected":true}}
[2021-05-04T21:05:58.538] [DEBUG] default - {"poleId":"TV-1","data":{"timeStamp":1620151558538,"light":7,"temperature":10,"humidity":76,"intensity":80,"motionDetected":true}}
[2021-05-04T21:05:59.411] [DEBUG] default - {"poleId":"TV-2","data":{"timeStamp":1620151559411,"light":9,"temperature":4,"humidity":77,"intensity":7,"motionDetected":true}}
[2021-05-04T21:06:01.552] [DEBUG] default - {"poleId":"TV-1","data":{"timeStamp":1620151561552,"light":5,"temperature":-19,"humidity":56,"intensity":61,"motionDetected":true}}
[2021-05-04T21:06:02.413] [DEBUG] default - {"poleId":"TV-2","data":{"timeStamp":1620151562413,"light":6,"temperature":7,"humidity":42,"intensity":35,"motionDetected":true}}
[2021-05-04T21:06:04.561] [DEBUG] default - {"poleId":"TV-1","data":{"timeStamp":1620151564561,"light":10,"temperature":-11,"humidity":92,"intensity":3,"motionDetected":false}}
[2021-05-04T21:06:05.420] [DEBUG] default - {"poleId":"TV-2","data":{"timeStamp":1620151565420,"light":0,"temperature":17,"humidity":79,"intensity":7,"motionDetected":true}}
[2021-05-04T21:06:07.572] [DEBUG] default - {"poleId":"TV-1","data":{"timeStamp":1620151567572,"light":9,"temperature":6,"humidity":96,"intensity":97,"motionDetected":true}}
[2021-05-04T21:06:08.424] [DEBUG] default - {"poleId":"TV-2","data":{"timeStamp":1620151568425,"light":9,"temperature":-16,"humidity":1,"intensity":35,"motionDetected":true}}
[2021-05-04T21:06:10.585] [DEBUG] default - {"poleId":"TV-1","data":{"timeStamp":1620151570585,"light":1,"temperature":-17,"humidity":29,"intensity":9,"motionDetected":true}}
[2021-05-04T21:06:11.427] [DEBUG] default - {"poleId":"TV-2","data":{"timeStamp":1620151571427,"light":6,"temperature":3,"humidity":52,"intensity":47,"motionDetected":true}}
[2021-05-04T21:06:13.591] [DEBUG] default - {"poleId":"TV-1","data":{"timeStamp":1620151573591,"light":4,"temperature":14,"humidity":88,"intensity":54,"motionDetected":false}}
[2021-05-04T21:06:14.433] [DEBUG] default - {"poleId":"TV-2","data":{"timeStamp":1620151574433,"light":4,"temperature":39,"humidity":10,"intensity":10,"motionDetected":true}}
[2021-05-04T21:06:16.603] [DEBUG] default - {"poleId":"TV-1","data":{"timeStamp":1620151576602,"light":1,"temperature":33,"humidity":74,"intensity":80,"motionDetected":true}}
[2021-05-04T21:06:17.442] [DEBUG] default - {"poleId":"TV-2","data":{"timeStamp":1620151577442,"light":4,"temperature":27,"humidity":58,"intensity":24,"motionDetected":false}}
[2021-05-04T21:06:19.612] [DEBUG] default - {"poleId":"TV-1","data":{"timeStamp":1620151579611,"light":9,"temperature":-5,"humidity":63,"intensity":70,"motionDetected":true}}
[2021-05-04T21:06:20.452] [DEBUG] default - {"poleId":"TV-2","data":{"timeStamp":1620151580451,"light":9,"temperature":26,"humidity":30,"intensity":30,"motionDetected":true}}
[2021-05-04T21:06:22.625] [DEBUG] default - {"poleId":"TV-1","data":{"timeStamp":1620151582625,"light":2,"temperature":13,"humidity":49,"intensity":81,"motionDetected":true}}
[2021-05-04T21:06:23.466] [DEBUG] default - {"poleId":"TV-2","data":{"timeStamp":1620151583466,"light":4,"temperature":28,"humidity":1,"intensity":84,"motionDetected":true}}
[2021-05-04T21:06:25.629] [DEBUG] default - {"poleId":"TV-1","data":{"timeStamp":1620151585628,"light":5,"temperature":27,"humidity":0,"intensity":26,"motionDetected":false}}
[2021-05-04T21:06:26.470] [DEBUG] default - {"poleId":"TV-2","data":{"timeStamp":1620151586470,"light":0,"temperature":-14,"humidity":49,"intensity":72,"motionDetected":false}}
[2021-05-04T21:06:28.630] [DEBUG] default - {"poleId":"TV-1","data":{"timeStamp":1620151588629,"light":0,"temperature":-11,"humidity":27,"intensity":12,"motionDetected":true}}
[2021-05-04T21:06:29.471] [DEBUG] default - {"poleId":"TV-2","data":{"timeStamp":1620151589471,"light":10,"temperature":-23,"humidity":19,"intensity":56,"motionDetected":true}}
[2021-05-04T21:06:31.635] [DEBUG] default - {"poleId":"TV-1","data":{"timeStamp":1620151591635,"light":6,"temperature":-24,"humidity":25,"intensity":53,"motionDetected":true}}
[2021-05-04T21:06:32.479] [DEBUG] default - {"poleId":"TV-2","data":{"timeStamp":1620151592479,"light":10,"temperature":9,"humidity":16,"intensity":90,"motionDetected":true}}
[2021-05-04T21:06:34.639] [DEBUG] default - {"poleId":"TV-1","data":{"timeStamp":1620151594639,"light":2,"temperature":1,"humidity":18,"intensity":63,"motionDetected":true}}
[2021-05-04T21:06:35.484] [DEBUG] default - {"poleId":"TV-2","data":{"timeStamp":1620151595483,"light":3,"temperature":40,"humidity":12,"intensity":2,"motionDetected":false}}
[2021-05-04T21:06:37.646] [DEBUG] default - {"poleId":"TV-1","data":{"timeStamp":1620151597646,"light":0,"temperature":-1,"humidity":6,"intensity":22,"motionDetected":true}}
[2021-05-04T21:06:38.488] [DEBUG] default - {"poleId":"TV-2","data":{"timeStamp":1620151598488,"light":3,"temperature":-13,"humidity":100,"intensity":94,"motionDetected":false}}
[2021-05-04T21:06:40.660] [DEBUG] default - {"poleId":"TV-1","data":{"timeStamp":1620151600660,"light":7,"temperature":32,"humidity":42,"intensity":100,"motionDetected":false}}
[2021-05-04T21:06:41.502] [DEBUG] default - {"poleId":"TV-2","data":{"timeStamp":1620151601502,"light":3,"temperature":-21,"humidity":52,"intensity":6,"motionDetected":true}}
[2021-05-04T21:06:43.668] [DEBUG] default - {"poleId":"TV-1","data":{"timeStamp":1620151603667,"light":4,"temperature":23,"humidity":85,"intensity":14,"motionDetected":false}}
[2021-05-04T21:06:44.508] [DEBUG] default - {"poleId":"TV-2","data":{"timeStamp":1620151604508,"light":6,"temperature":28,"humidity":86,"intensity":84,"motionDetected":true}}
[2021-05-04T21:06:46.673] [DEBUG] default - {"poleId":"TV-1","data":{"timeStamp":1620151606672,"light":6,"temperature":-15,"humidity":4,"intensity":59,"motionDetected":true}}
[2021-05-04T21:06:47.512] [DEBUG] default - {"poleId":"TV-2","data":{"timeStamp":1620151607511,"light":0,"temperature":-5,"humidity":92,"intensity":5,"motionDetected":true}}
[2021-05-04T21:06:49.674] [DEBUG] default - {"poleId":"TV-1","data":{"timeStamp":1620151609674,"light":3,"temperature":-2,"humidity":73,"intensity":26,"motionDetected":false}}
[2021-05-04T21:06:50.513] [DEBUG] default - {"poleId":"TV-2","data":{"timeStamp":1620151610513,"light":6,"temperature":13,"humidity":35,"intensity":99,"motionDetected":false}}
[2021-05-04T21:06:52.680] [DEBUG] default - {"poleId":"TV-1","data":{"timeStamp":1620151612680,"light":7,"temperature":7,"humidity":21,"intensity":59,"motionDetected":true}}
[2021-05-04T21:06:53.520] [DEBUG] default - {"poleId":"TV-2","data":{"timeStamp":1620151613520,"light":0,"temperature":9,"humidity":4,"intensity":27,"motionDetected":false}}
[2021-05-04T21:06:55.681] [DEBUG] default - {"poleId":"TV-1","data":{"timeStamp":1620151615681,"light":2,"temperature":0,"humidity":32,"intensity":82,"motionDetected":false}}
[2021-05-04T21:06:56.525] [DEBUG] default - {"poleId":"TV-2","data":{"timeStamp":1620151616525,"light":3,"temperature":30,"humidity":75,"intensity":76,"motionDetected":true}}
[2021-05-04T21:06:58.686] [DEBUG] default - {"poleId":"TV-1","data":{"timeStamp":1620151618685,"light":6,"temperature":4,"humidity":65,"intensity":42,"motionDetected":false}}
[2021-05-04T21:06:59.539] [DEBUG] default - {"poleId":"TV-2","data":{"timeStamp":1620151619538,"light":7,"temperature":-11,"humidity":88,"intensity":94,"motionDetected":false}}
[2021-05-04T21:07:01.690] [DEBUG] default - {"poleId":"TV-1","data":{"timeStamp":1620151621689,"light":0,"temperature":-10,"humidity":40,"intensity":49,"motionDetected":false}}
[2021-05-04T21:07:02.553] [DEBUG] default - {"poleId":"TV-2","data":{"timeStamp":1620151622553,"light":0,"temperature":40,"humidity":18,"intensity":60,"motionDetected":false}}
[2021-05-04T21:07:04.694] [DEBUG] default - {"poleId":"TV-1","data":{"timeStamp":1620151624693,"light":10,"temperature":22,"humidity":85,"intensity":51,"motionDetected":false}}
[2021-05-04T21:07:05.564] [DEBUG] default - {"poleId":"TV-2","data":{"timeStamp":1620151625564,"light":9,"temperature":4,"humidity":0,"intensity":37,"motionDetected":true}}
[2021-05-04T21:07:07.699] [DEBUG] default - {"poleId":"TV-1","data":{"timeStamp":1620151627699,"light":6,"temperature":33,"humidity":38,"intensity":87,"motionDetected":true}}
[2021-05-04T21:07:08.575] [DEBUG] default - {"poleId":"TV-2","data":{"timeStamp":1620151628575,"light":2,"temperature":-13,"humidity":48,"intensity":76,"motionDetected":false}}
[2021-05-04T21:07:10.708] [DEBUG] default - {"poleId":"TV-1","data":{"timeStamp":1620151630708,"light":4,"temperature":16,"humidity":23,"intensity":14,"motionDetected":true}}
[2021-05-04T21:07:11.579] [DEBUG] default - {"poleId":"TV-2","data":{"timeStamp":1620151631579,"light":7,"temperature":-22,"humidity":9,"intensity":92,"motionDetected":false}}
[2021-05-04T21:07:13.713] [DEBUG] default - {"poleId":"TV-1","data":{"timeStamp":1620151633712,"light":3,"temperature":-10,"humidity":10,"intensity":12,"motionDetected":false}}
[2021-05-04T21:07:14.591] [DEBUG] default - {"poleId":"TV-2","data":{"timeStamp":1620151634591,"light":1,"temperature":25,"humidity":13,"intensity":48,"motionDetected":true}}
[2021-05-04T21:07:16.723] [DEBUG] default - {"poleId":"TV-1","data":{"timeStamp":1620151636723,"light":2,"temperature":19,"humidity":21,"intensity":75,"motionDetected":true}}
[2021-05-04T21:07:17.595] [DEBUG] default - {"poleId":"TV-2","data":{"timeStamp":1620151637595,"light":3,"temperature":16,"humidity":36,"intensity":97,"motionDetected":true}}
[2021-05-04T21:07:19.730] [DEBUG] default - {"poleId":"TV-1","data":{"timeStamp":1620151639730,"light":7,"temperature":17,"humidity":61,"intensity":16,"motionDetected":true}}
[2021-05-04T21:07:20.599] [DEBUG] default - {"poleId":"TV-2","data":{"timeStamp":1620151640599,"light":4,"temperature":0,"humidity":66,"intensity":43,"motionDetected":false}}
[2021-05-04T21:07:22.736] [DEBUG] default - {"poleId":"TV-1","data":{"timeStamp":1620151642736,"light":4,"temperature":35,"humidity":5,"intensity":98,"motionDetected":false}}
[2021-05-04T21:07:23.603] [DEBUG] default - {"poleId":"TV-2","data":{"timeStamp":1620151643603,"light":5,"temperature":40,"humidity":4,"intensity":68,"motionDetected":false}}
[2021-05-04T21:07:25.741] [DEBUG] default - {"poleId":"TV-1","data":{"timeStamp":1620151645741,"light":10,"temperature":15,"humidity":89,"intensity":30,"motionDetected":true}}
[2021-05-04T21:07:26.619] [DEBUG] default - {"poleId":"TV-2","data":{"timeStamp":1620151646618,"light":1,"temperature":9,"humidity":57,"intensity":2,"motionDetected":true}}
[2021-05-04T21:07:28.746] [DEBUG] default - {"poleId":"TV-1","data":{"timeStamp":1620151648746,"light":3,"temperature":21,"humidity":13,"intensity":5,"motionDetected":false}}
[2021-05-04T21:07:29.634] [DEBUG] default - {"poleId":"TV-2","data":{"timeStamp":1620151649633,"light":4,"temperature":3,"humidity":4,"intensity":25,"motionDetected":true}}
[2021-05-04T21:07:31.759] [DEBUG] default - {"poleId":"TV-1","data":{"timeStamp":1620151651759,"light":9,"temperature":4,"humidity":3,"intensity":91,"motionDetected":true}}
[2021-05-04T21:07:32.647] [DEBUG] default - {"poleId":"TV-2","data":{"timeStamp":1620151652646,"light":9,"temperature":-21,"humidity":84,"intensity":12,"motionDetected":false}}
[2021-05-04T21:07:34.773] [DEBUG] default - {"poleId":"TV-1","data":{"timeStamp":1620151654773,"light":3,"temperature":25,"humidity":76,"intensity":35,"motionDetected":false}}
[2021-05-04T21:07:35.657] [DEBUG] default - {"poleId":"TV-2","data":{"timeStamp":1620151655657,"light":4,"temperature":-3,"humidity":26,"intensity":49,"motionDetected":true}}
[2021-05-04T21:07:37.775] [DEBUG] default - {"poleId":"TV-1","data":{"timeStamp":1620151657775,"light":7,"temperature":28,"humidity":45,"intensity":70,"motionDetected":false}}
[2021-05-04T21:07:38.665] [DEBUG] default - {"poleId":"TV-2","data":{"timeStamp":1620151658664,"light":2,"temperature":3,"humidity":72,"intensity":9,"motionDetected":false}}
[2021-05-04T21:07:40.776] [DEBUG] default - {"poleId":"TV-1","data":{"timeStamp":1620151660776,"light":6,"temperature":-13,"humidity":55,"intensity":32,"motionDetected":true}}
[2021-05-04T21:07:41.679] [DEBUG] default - {"poleId":"TV-2","data":{"timeStamp":1620151661679,"light":7,"temperature":-12,"humidity":52,"intensity":89,"motionDetected":true}}
[2021-05-04T21:07:43.779] [DEBUG] default - {"poleId":"TV-1","data":{"timeStamp":1620151663779,"light":4,"temperature":16,"humidity":57,"intensity":72,"motionDetected":true}}
[2021-05-04T21:07:44.686] [DEBUG] default - {"poleId":"TV-2","data":{"timeStamp":1620151664686,"light":10,"temperature":11,"humidity":54,"intensity":60,"motionDetected":false}}
[2021-05-04T21:07:46.780] [DEBUG] default - {"poleId":"TV-1","data":{"timeStamp":1620151666780,"light":5,"temperature":2,"humidity":62,"intensity":9,"motionDetected":false}}
[2021-05-04T21:07:47.690] [DEBUG] default - {"poleId":"TV-2","data":{"timeStamp":1620151667690,"light":8,"temperature":3,"humidity":17,"intensity":26,"motionDetected":false}}
[2021-05-04T21:07:49.794] [DEBUG] default - {"poleId":"TV-1","data":{"timeStamp":1620151669794,"light":2,"temperature":-24,"humidity":35,"intensity":22,"motionDetected":true}}
[2021-05-04T21:07:50.693] [DEBUG] default - {"poleId":"TV-2","data":{"timeStamp":1620151670693,"light":10,"temperature":30,"humidity":96,"intensity":17,"motionDetected":true}}
[2021-05-04T21:07:52.795] [DEBUG] default - {"poleId":"TV-1","data":{"timeStamp":1620151672795,"light":0,"temperature":1,"humidity":92,"intensity":22,"motionDetected":true}}
[2021-05-04T21:07:53.707] [DEBUG] default - {"poleId":"TV-2","data":{"timeStamp":1620151673707,"light":1,"temperature":9,"humidity":14,"intensity":36,"motionDetected":true}}
[2021-05-04T21:07:55.810] [DEBUG] default - {"poleId":"TV-1","data":{"timeStamp":1620151675810,"light":6,"temperature":-22,"humidity":29,"intensity":3,"motionDetected":true}}
[2021-05-04T21:07:56.713] [DEBUG] default - {"poleId":"TV-2","data":{"timeStamp":1620151676713,"light":9,"temperature":19,"humidity":19,"intensity":97,"motionDetected":true}}
[2021-05-04T21:07:58.819] [DEBUG] default - {"poleId":"TV-1","data":{"timeStamp":1620151678819,"light":1,"temperature":37,"humidity":71,"intensity":68,"motionDetected":true}}
[2021-05-04T21:07:59.725] [DEBUG] default - {"poleId":"TV-2","data":{"timeStamp":1620151679725,"light":7,"temperature":-21,"humidity":37,"intensity":0,"motionDetected":true}}
[2021-05-04T21:08:01.828] [DEBUG] default - {"poleId":"TV-1","data":{"timeStamp":1620151681828,"light":10,"temperature":21,"humidity":93,"intensity":9,"motionDetected":true}}
[2021-05-04T21:08:02.733] [DEBUG] default - {"poleId":"TV-2","data":{"timeStamp":1620151682733,"light":7,"temperature":-22,"humidity":23,"intensity":35,"motionDetected":true}}
[2021-05-04T21:08:04.834] [DEBUG] default - {"poleId":"TV-1","data":{"timeStamp":1620151684834,"light":4,"temperature":11,"humidity":54,"intensity":75,"motionDetected":true}}
[2021-05-04T21:08:05.740] [DEBUG] default - {"poleId":"TV-2","data":{"timeStamp":1620151685740,"light":8,"temperature":37,"humidity":64,"intensity":35,"motionDetected":false}}
[2021-05-04T21:08:07.841] [DEBUG] default - {"poleId":"TV-1","data":{"timeStamp":1620151687841,"light":10,"temperature":26,"humidity":93,"intensity":39,"motionDetected":true}}
[2021-05-04T21:08:08.750] [DEBUG] default - {"poleId":"TV-2","data":{"timeStamp":1620151688750,"light":5,"temperature":-18,"humidity":17,"intensity":39,"motionDetected":false}}
[2021-05-04T21:08:10.841] [DEBUG] default - {"poleId":"TV-1","data":{"timeStamp":1620151690841,"light":0,"temperature":-15,"humidity":31,"intensity":7,"motionDetected":false}}
[2021-05-04T21:08:11.762] [DEBUG] default - {"poleId":"TV-2","data":{"timeStamp":1620151691762,"light":9,"temperature":3,"humidity":10,"intensity":62,"motionDetected":false}}
[2021-05-04T21:08:13.854] [DEBUG] default - {"poleId":"TV-1","data":{"timeStamp":1620151693854,"light":3,"temperature":16,"humidity":22,"intensity":19,"motionDetected":false}}
[2021-05-04T21:08:14.770] [DEBUG] default - {"poleId":"TV-2","data":{"timeStamp":1620151694770,"light":4,"temperature":8,"humidity":2,"intensity":58,"motionDetected":false}}
[2021-05-04T21:08:16.854] [DEBUG] default - {"poleId":"TV-1","data":{"timeStamp":1620151696854,"light":3,"temperature":-3,"humidity":99,"intensity":90,"motionDetected":true}}
[2021-05-04T21:08:17.774] [DEBUG] default - {"poleId":"TV-2","data":{"timeStamp":1620151697774,"light":3,"temperature":-6,"humidity":77,"intensity":8,"motionDetected":true}}
[2021-05-04T21:08:19.863] [DEBUG] default - {"poleId":"TV-1","data":{"timeStamp":1620151699863,"light":6,"temperature":-7,"humidity":27,"intensity":94,"motionDetected":true}}
[2021-05-04T21:08:20.781] [DEBUG] default - {"poleId":"TV-2","data":{"timeStamp":1620151700781,"light":2,"temperature":-5,"humidity":42,"intensity":77,"motionDetected":false}}
[2021-05-04T21:08:22.868] [DEBUG] default - {"poleId":"TV-1","data":{"timeStamp":1620151702868,"light":1,"temperature":-15,"humidity":26,"intensity":74,"motionDetected":true}}
[2021-05-04T21:08:23.785] [DEBUG] default - {"poleId":"TV-2","data":{"timeStamp":1620151703785,"light":9,"temperature":-7,"humidity":63,"intensity":54,"motionDetected":false}}
[2021-05-04T21:08:25.883] [DEBUG] default - {"poleId":"TV-1","data":{"timeStamp":1620151705883,"light":10,"temperature":34,"humidity":53,"intensity":55,"motionDetected":false}}
[2021-05-04T21:08:26.794] [DEBUG] default - {"poleId":"TV-2","data":{"timeStamp":1620151706794,"light":6,"temperature":33,"humidity":0,"intensity":97,"motionDetected":false}}
[2021-05-04T21:08:28.896] [DEBUG] default - {"poleId":"TV-1","data":{"timeStamp":1620151708895,"light":0,"temperature":29,"humidity":37,"intensity":27,"motionDetected":false}}
[2021-05-04T21:08:29.800] [DEBUG] default - {"poleId":"TV-2","data":{"timeStamp":1620151709800,"light":0,"temperature":-12,"humidity":67,"intensity":57,"motionDetected":true}}
[2021-05-04T21:08:31.906] [DEBUG] default - {"poleId":"TV-1","data":{"timeStamp":1620151711906,"light":0,"temperature":-5,"humidity":90,"intensity":41,"motionDetected":true}}
[2021-05-04T21:08:32.805] [DEBUG] default - {"poleId":"TV-2","data":{"timeStamp":1620151712805,"light":1,"temperature":8,"humidity":68,"intensity":76,"motionDetected":false}}
[2021-05-04T21:08:34.913] [DEBUG] default - {"poleId":"TV-1","data":{"timeStamp":1620151714913,"light":0,"temperature":25,"humidity":28,"intensity":2,"motionDetected":true}}
[2021-05-04T21:08:35.811] [DEBUG] default - {"poleId":"TV-2","data":{"timeStamp":1620151715811,"light":9,"temperature":-15,"humidity":59,"intensity":64,"motionDetected":false}}
[2021-05-04T21:08:37.927] [DEBUG] default - {"poleId":"TV-1","data":{"timeStamp":1620151717926,"light":8,"temperature":-8,"humidity":46,"intensity":27,"motionDetected":true}}
[2021-05-04T21:08:38.821] [DEBUG] default - {"poleId":"TV-2","data":{"timeStamp":1620151718821,"light":1,"temperature":-10,"humidity":11,"intensity":90,"motionDetected":true}}
[2021-05-04T21:08:40.937] [DEBUG] default - {"poleId":"TV-1","data":{"timeStamp":1620151720937,"light":7,"temperature":26,"humidity":99,"intensity":47,"motionDetected":false}}
[2021-05-04T21:08:41.831] [DEBUG] default - {"poleId":"TV-2","data":{"timeStamp":1620151721831,"light":8,"temperature":12,"humidity":89,"intensity":56,"motionDetected":false}}
[2021-05-04T21:08:43.951] [DEBUG] default - {"poleId":"TV-1","data":{"timeStamp":1620151723951,"light":2,"temperature":-5,"humidity":100,"intensity":29,"motionDetected":false}}
[2021-05-04T21:08:44.834] [DEBUG] default - {"poleId":"TV-2","data":{"timeStamp":1620151724834,"light":4,"temperature":-4,"humidity":95,"intensity":93,"motionDetected":true}}
[2021-05-04T21:08:46.954] [DEBUG] default - {"poleId":"TV-1","data":{"timeStamp":1620151726954,"light":2,"temperature":-7,"humidity":31,"intensity":72,"motionDetected":false}}
[2021-05-04T21:08:47.847] [DEBUG] default - {"poleId":"TV-2","data":{"timeStamp":1620151727847,"light":0,"temperature":26,"humidity":61,"intensity":19,"motionDetected":false}}
[2021-05-04T21:08:49.968] [DEBUG] default - {"poleId":"TV-1","data":{"timeStamp":1620151729968,"light":2,"temperature":-22,"humidity":21,"intensity":59,"motionDetected":false}}
[2021-05-04T21:08:50.852] [DEBUG] default - {"poleId":"TV-2","data":{"timeStamp":1620151730852,"light":7,"temperature":-24,"humidity":35,"intensity":7,"motionDetected":false}}
[2021-05-04T21:08:52.981] [DEBUG] default - {"poleId":"TV-1","data":{"timeStamp":1620151732981,"light":9,"temperature":-23,"humidity":22,"intensity":72,"motionDetected":false}}
[2021-05-04T21:08:53.865] [DEBUG] default - {"poleId":"TV-2","data":{"timeStamp":1620151733864,"light":0,"temperature":-21,"humidity":36,"intensity":62,"motionDetected":true}}
[2021-05-04T21:08:55.994] [DEBUG] default - {"poleId":"TV-1","data":{"timeStamp":1620151735993,"light":10,"temperature":15,"humidity":61,"intensity":13,"motionDetected":true}}
[2021-05-04T21:08:56.869] [DEBUG] default - {"poleId":"TV-2","data":{"timeStamp":1620151736869,"light":10,"temperature":-4,"humidity":80,"intensity":18,"motionDetected":true}}
[2021-05-04T21:08:59.004] [DEBUG] default - {"poleId":"TV-1","data":{"timeStamp":1620151739004,"light":10,"temperature":-10,"humidity":68,"intensity":10,"motionDetected":true}}
[2021-05-04T21:08:59.877] [DEBUG] default - {"poleId":"TV-2","data":{"timeStamp":1620151739877,"light":4,"temperature":-25,"humidity":8,"intensity":82,"motionDetected":false}}
[2021-05-04T21:09:02.006] [DEBUG] default - {"poleId":"TV-1","data":{"timeStamp":1620151742006,"light":5,"temperature":-19,"humidity":18,"intensity":5,"motionDetected":false}}
[2021-05-04T21:09:02.892] [DEBUG] default - {"poleId":"TV-2","data":{"timeStamp":1620151742892,"light":6,"temperature":-17,"humidity":78,"intensity":83,"motionDetected":true}}
[2021-05-04T21:09:05.009] [DEBUG] default - {"poleId":"TV-1","data":{"timeStamp":1620151745009,"light":2,"temperature":-22,"humidity":1,"intensity":78,"motionDetected":false}}
[2021-05-04T21:09:05.899] [DEBUG] default - {"poleId":"TV-2","data":{"timeStamp":1620151745899,"light":1,"temperature":7,"humidity":16,"intensity":69,"motionDetected":false}}
[2021-05-04T21:09:08.010] [DEBUG] default - {"poleId":"TV-1","data":{"timeStamp":1620151748010,"light":0,"temperature":-5,"humidity":32,"intensity":8,"motionDetected":true}}
[2021-05-04T21:09:08.902] [DEBUG] default - {"poleId":"TV-2","data":{"timeStamp":1620151748902,"light":8,"temperature":-23,"humidity":82,"intensity":56,"motionDetected":true}}
[2021-05-04T21:09:11.010] [DEBUG] default - {"poleId":"TV-1","data":{"timeStamp":1620151751010,"light":5,"temperature":5,"humidity":48,"intensity":34,"motionDetected":false}}
[2021-05-04T21:09:11.913] [DEBUG] default - {"poleId":"TV-2","data":{"timeStamp":1620151751912,"light":4,"temperature":-2,"humidity":88,"intensity":55,"motionDetected":true}}
[2021-05-04T21:09:14.017] [DEBUG] default - {"poleId":"TV-1","data":{"timeStamp":1620151754017,"light":6,"temperature":19,"humidity":23,"intensity":96,"motionDetected":false}}
[2021-05-04T21:09:14.929] [DEBUG] default - {"poleId":"TV-2","data":{"timeStamp":1620151754929,"light":3,"temperature":-6,"humidity":88,"intensity":53,"motionDetected":true}}
